
=== Sat Nov  9 22:35:21 2019

Packages were changed.
Update Mode: mergeDefaultDependencies

The following packages were added:
  com.unity.package-manager-ui@2.2.0
  com.unity.ext.nunit@1.0.0
  com.unity.test-framework@1.0.13
  com.unity.ide.vscode@1.1.2
  com.unity.ide.rider@1.1.0
  com.unity.ugui@1.0.0
  com.unity.modules.androidjni@1.0.0

=== Mon Dec  9 22:09:30 2019

Packages were changed.
Update Mode: updateDependencies

The following packages were updated:
  com.unity.postprocessing from version 2.1.7 to 2.2.1
  com.unity.render-pipelines.lightweight from version 6.9.2 to 7.1.5
  com.unity.shadergraph from version 6.9.2 to 7.1.5
  com.unity.test-framework from version 1.0.18 to 1.1.3
The following packages were removed:
  com.unity.package-manager-ui@2.2.0

=== Fri Dec 13 22:06:54 2019

Packages were changed.
Update Mode: updateDependencies

The following packages were updated:
  com.unity.postprocessing from version 2.2.1 to 2.2.2
  com.unity.shadergraph from version 7.1.5 to 7.1.6
